<?xml version="1.0" encoding="UTF-8"?>
<testng-results ignored="0" total="1" passed="1" failed="0" skipped="0">
  <reporter-output>
  </reporter-output>
  <suite started-at="2023-06-01T12:01:56 IST" name="Suite" finished-at="2023-06-01T12:02:01 IST" duration-ms="5179">
    <groups>
    </groups>
    <test started-at="2023-06-01T12:01:56 IST" name="Test" finished-at="2023-06-01T12:02:01 IST" duration-ms="5179">
      <class name="com.jenkins.JenkinTesting">
        <test-method signature="flipkart()[pri:0, instance:com.jenkins.JenkinTesting@f5acb9d]" started-at="2023-06-01T12:01:56 IST" name="flipkart" finished-at="2023-06-01T12:02:01 IST" duration-ms="5128" status="PASS">
          <reporter-output>
          </reporter-output>
        </test-method> <!-- flipkart -->
      </class> <!-- com.jenkins.JenkinTesting -->
    </test> <!-- Test -->
  </suite> <!-- Suite -->
</testng-results>
